  FileName.cpp
C:\Users\Andrey\source\repos\Project6\Project6\FileName.cpp(15,13): warning C4566: символ, представленный универсальным именем символа "\u0412", невозможно представить в текущей кодовой странице (1252)
C:\Users\Andrey\source\repos\Project6\Project6\FileName.cpp(15,13): warning C4566: символ, представленный универсальным именем символа "\u0432", невозможно представить в текущей кодовой странице (1252)
C:\Users\Andrey\source\repos\Project6\Project6\FileName.cpp(15,13): warning C4566: символ, представленный универсальным именем символа "\u0435", невозможно представить в текущей кодовой странице (1252)
C:\Users\Andrey\source\repos\Project6\Project6\FileName.cpp(15,13): warning C4566: символ, представленный универсальным именем символа "\u0434", невозможно представить в текущей кодовой странице (1252)
C:\Users\Andrey\source\repos\Project6\Project6\FileName.cpp(15,13): warning C4566: символ, представленный универсальным именем символа "\u0438", невозможно представить в текущей кодовой странице (1252)
C:\Users\Andrey\source\repos\Project6\Project6\FileName.cpp(15,13): warning C4566: символ, представленный универсальным именем символа "\u0442", невозможно представить в текущей кодовой странице (1252)
C:\Users\Andrey\source\repos\Project6\Project6\FileName.cpp(15,13): warning C4566: символ, представленный универсальным именем символа "\u043A", невозможно представить в текущей кодовой странице (1252)
C:\Users\Andrey\source\repos\Project6\Project6\FileName.cpp(15,13): warning C4566: символ, представленный универсальным именем символа "\u043E", невозможно представить в текущей кодовой странице (1252)
C:\Users\Andrey\source\repos\Project6\Project6\FileName.cpp(15,13): warning C4566: символ, представленный универсальным именем символа "\u043B", невозможно представить в текущей кодовой странице (1252)
C:\Users\Andrey\source\repos\Project6\Project6\FileName.cpp(15,13): warning C4566: символ, представленный универсальным именем символа "\u0447", невозможно представить в текущей кодовой странице (1252)
C:\Users\Andrey\source\repos\Project6\Project6\FileName.cpp(15,13): warning C4566: символ, представленный универсальным именем символа "\u0441", невозможно представить в текущей кодовой странице (1252)
C:\Users\Andrey\source\repos\Project6\Project6\FileName.cpp(15,13): warning C4566: символ, представленный универсальным именем символа "\u0440", невозможно представить в текущей кодовой странице (1252)
C:\Users\Andrey\source\repos\Project6\Project6\FileName.cpp(17,13): warning C4566: символ, представленный универсальным именем символа "\u0412", невозможно представить в текущей кодовой странице (1252)
C:\Users\Andrey\source\repos\Project6\Project6\FileName.cpp(17,13): warning C4566: символ, представленный универсальным именем символа "\u0432", невозможно представить в текущей кодовой странице (1252)
C:\Users\Andrey\source\repos\Project6\Project6\FileName.cpp(17,13): warning C4566: символ, представленный универсальным именем символа "\u0435", невозможно представить в текущей кодовой странице (1252)
C:\Users\Andrey\source\repos\Project6\Project6\FileName.cpp(17,13): warning C4566: символ, представленный универсальным именем символа "\u0434", невозможно представить в текущей кодовой странице (1252)
C:\Users\Andrey\source\repos\Project6\Project6\FileName.cpp(17,13): warning C4566: символ, представленный универсальным именем символа "\u0438", невозможно представить в текущей кодовой странице (1252)
C:\Users\Andrey\source\repos\Project6\Project6\FileName.cpp(17,13): warning C4566: символ, представленный универсальным именем символа "\u0442", невозможно представить в текущей кодовой странице (1252)
C:\Users\Andrey\source\repos\Project6\Project6\FileName.cpp(17,13): warning C4566: символ, представленный универсальным именем символа "\u043A", невозможно представить в текущей кодовой странице (1252)
C:\Users\Andrey\source\repos\Project6\Project6\FileName.cpp(17,13): warning C4566: символ, представленный универсальным именем символа "\u043E", невозможно представить в текущей кодовой странице (1252)
C:\Users\Andrey\source\repos\Project6\Project6\FileName.cpp(17,13): warning C4566: символ, представленный универсальным именем символа "\u043B", невозможно представить в текущей кодовой странице (1252)
C:\Users\Andrey\source\repos\Project6\Project6\FileName.cpp(17,13): warning C4566: символ, представленный универсальным именем символа "\u0447", невозможно представить в текущей кодовой странице (1252)
C:\Users\Andrey\source\repos\Project6\Project6\FileName.cpp(17,13): warning C4566: символ, представленный универсальным именем символа "\u0441", невозможно представить в текущей кодовой странице (1252)
C:\Users\Andrey\source\repos\Project6\Project6\FileName.cpp(17,13): warning C4566: символ, представленный универсальным именем символа "\u0431", невозможно представить в текущей кодовой странице (1252)
C:\Users\Andrey\source\repos\Project6\Project6\FileName.cpp(17,13): warning C4566: символ, представленный универсальным именем символа "\u0446", невозможно представить в текущей кодовой странице (1252)
  Project6.vcxproj -> C:\Users\Andrey\source\repos\Project6\x64\Debug\Project6.exe
